<?xml version="1.0" encoding="UTF-8"?>
<testsuite xmlns:xsi="http://www.w3.org/2001/XMLSchema-instance" xsi:noNamespaceSchemaLocation="https://maven.apache.org/surefire/maven-surefire-plugin/xsd/surefire-test-report.xsd" name="Library.LLPL.GettingStartTest" time="0.004" tests="1" errors="0" skipped="0" failures="1">
  <properties>
[...]
</properties>
  <testcase name="Library.LLPL.GettingStartTest.test1" classname="Library.LLPL.GettingStartTest" time="0.001">
    <failure type="java.lang.ExceptionInInitializerError"><![CDATA[java.lang.ExceptionInInitializerError
	at Library.LLPL.GettingStarted.createHeap(GettingStarted.java:22)
	at Library.LLPL.GettingStartTest.test1(GettingStartTest.java:16)
Caused by: java.lang.UnsupportedOperationException: Operating System is not supported
	at com.intel.pmem.llpl.Util.getOSName(Util.java:54)
	at com.intel.pmem.llpl.Util.getLibName(Util.java:44)
	at com.intel.pmem.llpl.Util.loadLibrary(Util.java:80)
	at com.intel.pmem.llpl.AnyHeap.<clinit>(AnyHeap.java:76)
	... 15 more
]]></failure>
    <system-out><![CDATA[2021-09-24 15:01:39 INFO  GettingStartTest:15 - Test Start:Path=/mnt/persist-memory/pmem0/jjzhaoname=/default
]]></system-out>
  </testcase>
</testsuite>